2021-12-06 21:40:36,539:INFO:covid_data_interface:__init__:33:contrutor initiatied
2021-12-06 21:40:36,541:INFO:covid_data_interface:time_handler:103:schedule time calculated
2021-12-06 21:40:37,572:INFO:covid_data_interface:__init__:33:contrutor initiatied
2021-12-06 21:40:40,091:INFO:covid_data_interface:__init__:33:contrutor initiatied
2021-12-06 21:40:40,093:INFO:covid_data_interface:time_handler:103:schedule time calculated
2021-12-06 21:40:40,570:INFO:covid_data_interface:__init__:33:contrutor initiatied
2021-12-06 21:40:50,129:INFO:covid_data_interface:home:55:Flask website decorated
2021-12-06 21:40:58,373:INFO:covid_data_interface:widget_handler:262:user demands news removal
2021-12-06 21:40:58,374:INFO:covid_data_interface:news_widget_handling_removing:86:Peta Credlin's apology to South Sudanese community result of human rights commission complaint - The Guardian || article removed
2021-12-06 21:41:00,296:INFO:covid_data_interface:home:55:Flask website decorated
2021-12-06 21:41:02,920:INFO:covid_data_interface:widget_handler:262:user demands news removal
2021-12-06 21:41:02,922:INFO:covid_data_interface:news_widget_handling_removing:86:8 new Omicron cases detected in Alberta, schools may have been exposed - Globalnews.ca || article removed
2021-12-06 21:41:02,926:INFO:covid_data_interface:home:55:Flask website decorated
2021-12-06 21:41:06,229:INFO:covid_data_interface:widget_handler:262:user demands news removal
2021-12-06 21:41:06,231:INFO:covid_data_interface:news_widget_handling_removing:86:Waterloo Region has special plans in store for Every Dose Counts weekend - cjoy.com || article removed
2021-12-06 21:41:06,242:INFO:covid_data_interface:home:55:Flask website decorated
2021-12-06 21:41:09,076:INFO:covid_data_interface:widget_handler:262:user demands news removal
2021-12-06 21:41:09,077:INFO:covid_data_interface:news_widget_handling_removing:86:Man with no vaccine pass violent at bar: police - Otago Daily Times || article removed
2021-12-06 21:41:09,087:INFO:covid_data_interface:home:55:Flask website decorated
2021-12-06 21:41:11,219:INFO:covid_data_interface:widget_handler:262:user demands news removal
2021-12-06 21:41:11,221:INFO:covid_data_interface:news_widget_handling_removing:86:Ottawa Public Health quashes false rumour of child's death after COVID-19 vaccine - CTV Edmonton || article removed
2021-12-06 21:41:11,228:INFO:covid_data_interface:home:55:Flask website decorated
2021-12-06 21:41:25,103:INFO:covid_data_interface:widget_handler:265:user demands new schedule to be added
2021-12-06 21:41:25,104:INFO:covid_data_interface:updates_widget_handling_storing:242:covid update  schedule added to schedul_config
2021-12-06 21:41:25,116:INFO:covid_data_interface:time_handler:103:schedule time calculated
2021-12-06 21:41:25,116:INFO:covid_data_interface:schedule_widget_handling_running:126:covid update new schedule created and running, with time delay60
2021-12-06 21:41:25,117:INFO:covid_data_interface:home:55:Flask website decorated
2021-12-06 21:42:25,289:INFO:covid_data_interface:time_handler:103:schedule time calculated
2021-12-06 21:42:25,290:INFO:covid_data_interface:schedule_widget_handling_running:126:covid update new schedule created and running, with time delay0
2021-12-06 21:42:28,698:INFO:covid_data_interface:home:55:Flask website decorated
2021-12-06 21:43:28,880:INFO:covid_data_interface:home:55:Flask website decorated
2021-12-06 21:44:29,046:INFO:covid_data_interface:home:55:Flask website decorated
2021-12-06 21:45:03,018:INFO:covid_data_interface:widget_handler:265:user demands new schedule to be added
2021-12-06 21:45:03,018:INFO:covid_data_interface:updates_widget_handling_storing:242:covid update  schedule added to schedul_config
2021-12-06 21:45:03,025:INFO:covid_data_interface:time_handler:103:schedule time calculated
2021-12-06 21:45:03,026:INFO:covid_data_interface:schedule_widget_handling_running:126:covid update new schedule created and running, with time delay0
2021-12-06 21:45:05,360:INFO:covid_data_interface:home:55:Flask website decorated
2021-12-06 21:45:12,525:INFO:covid_data_interface:widget_handler:265:user demands new schedule to be added
2021-12-06 21:45:12,525:INFO:covid_data_interface:updates_widget_handling_storing:242:covid update  schedule added to schedul_config
2021-12-06 21:45:12,535:INFO:covid_data_interface:time_handler:103:schedule time calculated
2021-12-06 21:45:12,535:INFO:covid_data_interface:schedule_widget_handling_running:126:covid update new schedule created and running, with time delay60
2021-12-06 21:45:12,535:INFO:covid_data_interface:home:55:Flask website decorated
2021-12-06 21:46:12,660:INFO:covid_data_interface:time_handler:103:schedule time calculated
2021-12-06 21:46:12,660:INFO:covid_data_interface:schedule_widget_handling_running:126:covid update new schedule created and running, with time delay0
2021-12-06 21:46:15,154:INFO:covid_data_interface:home:55:Flask website decorated
2021-12-06 21:47:15,334:INFO:covid_data_interface:home:55:Flask website decorated
2021-12-06 21:48:15,517:INFO:covid_data_interface:home:55:Flask website decorated
2021-12-06 21:48:39,471:INFO:covid_data_interface:widget_handler:265:user demands new schedule to be added
2021-12-06 21:48:39,471:INFO:covid_data_interface:updates_widget_handling_storing:236:schedule added to schedul_config
2021-12-06 21:48:39,484:INFO:covid_data_interface:time_handler:103:schedule time calculated
2021-12-06 21:48:39,484:INFO:covid_data_interface:schedule_widget_handling_running:126:End-day update repeatnew schedule created and running, with time delay86460
2021-12-06 21:48:39,484:INFO:covid_data_interface:time_handler:103:schedule time calculated
2021-12-06 21:48:39,484:INFO:covid_data_interface:schedule_widget_handling_running:126:End-day updatenew schedule created and running, with time delay60
2021-12-06 21:48:39,485:INFO:covid_data_interface:home:55:Flask website decorated
2021-12-06 21:49:39,650:INFO:covid_data_interface:time_handler:103:schedule time calculated
2021-12-06 21:49:39,650:INFO:covid_data_interface:schedule_widget_handling_running:126:End-day update repeatnew schedule created and running, with time delay86400
2021-12-06 21:49:39,651:INFO:covid_data_interface:time_handler:103:schedule time calculated
2021-12-06 21:49:39,651:INFO:covid_data_interface:schedule_widget_handling_running:126:End-day updatenew schedule created and running, with time delay0
2021-12-06 21:49:42,812:INFO:covid_data_interface:home:55:Flask website decorated
2021-12-06 21:50:43,074:INFO:covid_data_interface:time_handler:103:schedule time calculated
2021-12-06 21:50:43,075:INFO:covid_data_interface:schedule_widget_handling_running:126:End-day update repeatnew schedule created and running, with time delay172740
2021-12-06 21:50:43,075:INFO:covid_data_interface:home:55:Flask website decorated
2021-12-06 21:51:43,304:INFO:covid_data_interface:time_handler:103:schedule time calculated
2021-12-06 21:51:43,304:INFO:covid_data_interface:schedule_widget_handling_running:126:End-day update repeatnew schedule created and running, with time delay172680
2021-12-06 21:51:43,305:INFO:covid_data_interface:home:55:Flask website decorated
2021-12-06 21:52:43,533:INFO:covid_data_interface:time_handler:103:schedule time calculated
2021-12-06 21:52:43,534:INFO:covid_data_interface:schedule_widget_handling_running:126:End-day update repeatnew schedule created and running, with time delay172620
2021-12-06 21:52:43,534:INFO:covid_data_interface:home:55:Flask website decorated
2021-12-06 21:52:58,418:INFO:covid_data_interface:widget_handler:259:user demands sched removal
2021-12-06 21:52:58,420:INFO:covid_data_interface:schedule_widget_handling_removing_user:159:End-day update repeat|| schedule removed
2021-12-06 21:52:58,429:INFO:covid_data_interface:home:55:Flask website decorated
2021-12-06 21:53:58,607:INFO:covid_data_interface:home:55:Flask website decorated
2021-12-06 21:54:58,776:INFO:covid_data_interface:home:55:Flask website decorated
2021-12-06 21:55:58,967:INFO:covid_data_interface:home:55:Flask website decorated
2021-12-06 21:56:30,144:INFO:covid_data_interface:__init__:33:contrutor initiatied
2021-12-06 21:56:30,147:INFO:covid_data_interface:time_handler:105:schedule time calculated
2021-12-06 21:56:31,009:INFO:covid_data_interface:__init__:33:contrutor initiatied
2021-12-06 21:56:34,692:INFO:covid_data_interface:home:57:Flask website decorated
2021-12-06 21:56:52,017:INFO:covid_data_interface:__init__:33:contrutor initiatied
2021-12-06 21:56:52,022:INFO:covid_data_interface:time_handler:105:schedule time calculated
2021-12-06 21:56:52,859:INFO:covid_data_interface:__init__:33:contrutor initiatied
2021-12-06 21:57:12,893:INFO:covid_data_interface:__init__:33:contrutor initiatied
2021-12-06 21:57:12,898:INFO:covid_data_interface:time_handler:105:schedule time calculated
2021-12-06 21:57:13,406:INFO:covid_data_interface:__init__:33:contrutor initiatied
2021-12-06 21:57:32,864:INFO:covid_data_interface:__init__:33:contrutor initiatied
2021-12-06 21:57:32,867:INFO:covid_data_interface:time_handler:105:schedule time calculated
2021-12-06 21:57:34,003:INFO:covid_data_interface:__init__:33:contrutor initiatied
2021-12-06 21:57:36,626:INFO:covid_data_interface:__init__:33:contrutor initiatied
2021-12-06 21:57:36,628:INFO:covid_data_interface:time_handler:105:schedule time calculated
2021-12-06 21:57:37,775:INFO:covid_data_interface:__init__:33:contrutor initiatied
2021-12-06 21:57:52,692:INFO:covid_data_interface:home:57:Flask website decorated
2021-12-06 21:58:04,677:INFO:covid_data_interface:widget_handler:267:user demands new schedule to be added
2021-12-06 21:58:04,678:INFO:covid_data_interface:updates_widget_handling_storing:238:schedule added to schedul_config
2021-12-06 21:58:04,689:INFO:covid_data_interface:time_handler:105:schedule time calculated
2021-12-06 21:58:04,690:INFO:covid_data_interface:schedule_widget_handling_running:128:covid update  repeatnew schedule created and running, with time delay86400
2021-12-06 21:58:04,690:INFO:covid_data_interface:time_handler:105:schedule time calculated
2021-12-06 21:58:04,691:INFO:covid_data_interface:schedule_widget_handling_running:128:covid update new schedule created and running, with time delay0
2021-12-06 21:58:05,618:INFO:covid_data_interface:home:57:Flask website decorated
2021-12-06 21:58:11,510:INFO:covid_data_interface:widget_handler:261:user demands sched removal
2021-12-06 21:58:11,512:INFO:covid_data_interface:schedule_widget_handling_removing_user:161:covid update  repeat|| schedule removed
2021-12-06 21:58:11,525:INFO:covid_data_interface:home:57:Flask website decorated
2021-12-06 21:58:17,235:INFO:covid_data_interface:widget_handler:267:user demands new schedule to be added
2021-12-06 21:58:17,236:INFO:covid_data_interface:updates_widget_handling_storing:238:schedule added to schedul_config
2021-12-06 21:58:17,243:INFO:covid_data_interface:time_handler:105:schedule time calculated
2021-12-06 21:58:17,244:INFO:covid_data_interface:schedule_widget_handling_running:128:covid update  repeatnew schedule created and running, with time delay86460
2021-12-06 21:58:17,244:INFO:covid_data_interface:time_handler:105:schedule time calculated
2021-12-06 21:58:17,244:INFO:covid_data_interface:schedule_widget_handling_running:128:covid update new schedule created and running, with time delay60
2021-12-06 21:58:17,245:INFO:covid_data_interface:home:57:Flask website decorated
2021-12-06 21:58:27,793:INFO:covid_data_interface:widget_handler:267:user demands new schedule to be added
2021-12-06 21:58:27,794:INFO:covid_data_interface:updates_widget_handling_storing:238:schedule added to schedul_config
2021-12-06 21:58:27,806:INFO:covid_data_interface:time_handler:105:schedule time calculated
2021-12-06 21:58:27,806:INFO:covid_data_interface:schedule_widget_handling_running:128:covid update  repeatnew schedule created and running, with time delay86460
2021-12-06 21:58:27,806:INFO:covid_data_interface:time_handler:105:schedule time calculated
2021-12-06 21:58:27,806:INFO:covid_data_interface:schedule_widget_handling_running:128:covid update new schedule created and running, with time delay60
2021-12-06 21:58:27,807:INFO:covid_data_interface:time_handler:105:schedule time calculated
2021-12-06 21:58:27,807:INFO:covid_data_interface:schedule_widget_handling_running:128:news update  repeatnew schedule created and running, with time delay86460
2021-12-06 21:58:27,807:INFO:covid_data_interface:time_handler:105:schedule time calculated
2021-12-06 21:58:27,807:INFO:covid_data_interface:schedule_widget_handling_running:128:news update new schedule created and running, with time delay60
2021-12-06 21:58:27,808:INFO:covid_data_interface:home:57:Flask website decorated
2021-12-06 21:59:27,940:INFO:covid_data_interface:time_handler:105:schedule time calculated
2021-12-06 21:59:27,942:INFO:covid_data_interface:schedule_widget_handling_running:128:covid update  repeatnew schedule created and running, with time delay86400
2021-12-06 21:59:27,942:INFO:covid_data_interface:time_handler:105:schedule time calculated
2021-12-06 21:59:27,942:INFO:covid_data_interface:schedule_widget_handling_running:128:covid update new schedule created and running, with time delay0
2021-12-06 21:59:27,943:INFO:covid_data_interface:time_handler:105:schedule time calculated
2021-12-06 21:59:27,943:INFO:covid_data_interface:schedule_widget_handling_running:128:news update  repeatnew schedule created and running, with time delay86400
2021-12-06 21:59:27,943:INFO:covid_data_interface:time_handler:105:schedule time calculated
2021-12-06 21:59:27,944:INFO:covid_data_interface:schedule_widget_handling_running:128:news update new schedule created and running, with time delay0
2021-12-06 21:59:30,537:INFO:covid_data_interface:home:57:Flask website decorated
2021-12-06 22:00:30,720:INFO:covid_data_interface:time_handler:105:schedule time calculated
2021-12-06 22:00:30,720:INFO:covid_data_interface:schedule_widget_handling_running:128:covid update  repeatnew schedule created and running, with time delay172740
2021-12-06 22:00:30,720:INFO:covid_data_interface:time_handler:105:schedule time calculated
2021-12-06 22:00:30,721:INFO:covid_data_interface:schedule_widget_handling_running:128:news update  repeatnew schedule created and running, with time delay172740
2021-12-06 22:00:30,721:INFO:covid_data_interface:home:57:Flask website decorated
2021-12-06 22:01:17,643:INFO:covid_data_interface:widget_handler:261:user demands sched removal
2021-12-06 22:01:17,645:INFO:covid_data_interface:schedule_widget_handling_removing_user:161:covid update  repeat|| schedule removed
2021-12-06 22:01:17,659:INFO:covid_data_interface:time_handler:105:schedule time calculated
2021-12-06 22:01:17,659:INFO:covid_data_interface:schedule_widget_handling_running:128:news update  repeatnew schedule created and running, with time delay172680
2021-12-06 22:01:17,660:INFO:covid_data_interface:home:57:Flask website decorated
2021-12-06 22:01:19,447:INFO:covid_data_interface:widget_handler:261:user demands sched removal
2021-12-06 22:01:19,450:INFO:covid_data_interface:schedule_widget_handling_removing_user:161:news update  repeat|| schedule removed
2021-12-06 22:01:19,460:INFO:covid_data_interface:home:57:Flask website decorated
2021-12-06 22:02:07,355:INFO:covid_data_interface:__init__:33:contrutor initiatied
2021-12-06 22:02:07,357:INFO:covid_data_interface:time_handler:105:schedule time calculated
2021-12-06 22:02:07,890:INFO:covid_data_interface:__init__:33:contrutor initiatied
2021-12-06 22:02:10,004:INFO:covid_data_interface:__init__:33:contrutor initiatied
2021-12-06 22:02:10,006:INFO:covid_data_interface:time_handler:105:schedule time calculated
2021-12-06 22:02:10,656:INFO:covid_data_interface:__init__:33:contrutor initiatied
2021-12-06 22:02:14,346:INFO:covid_data_interface:home:57:Flask website decorated
2021-12-06 22:02:30,529:INFO:covid_data_interface:widget_handler:268:user demands new schedule to be added
2021-12-06 22:02:30,530:INFO:covid_data_interface:updates_widget_handling_storing:238:schedule added to schedul_config
2021-12-06 22:02:30,543:INFO:covid_data_interface:time_handler:105:schedule time calculated
2021-12-06 22:02:30,544:INFO:covid_data_interface:schedule_widget_handling_running:128:news update  repeatnew schedule created and running, with time delay86580
2021-12-06 22:02:30,545:INFO:covid_data_interface:time_handler:105:schedule time calculated
2021-12-06 22:02:30,546:INFO:covid_data_interface:schedule_widget_handling_running:128:news update new schedule created and running, with time delay180
2021-12-06 22:02:31,626:INFO:covid_data_interface:home:57:Flask website decorated
2021-12-06 22:02:52,931:INFO:covid_data_interface:widget_handler:262:user demands sched removal
2021-12-06 22:02:52,936:INFO:covid_data_interface:schedule_widget_handling_removing_user:161:news update || schedule removed
2021-12-06 22:02:52,942:INFO:covid_data_interface:time_handler:105:schedule time calculated
2021-12-06 22:02:52,943:INFO:covid_data_interface:schedule_widget_handling_running:128:news update  repeatnew schedule created and running, with time delay86580
2021-12-06 22:02:52,944:INFO:covid_data_interface:home:57:Flask website decorated
2021-12-06 22:03:43,388:INFO:covid_data_interface:time_handler:105:schedule time calculated
2021-12-06 22:03:43,390:INFO:covid_data_interface:schedule_widget_handling_running:129:news update  repeatnew schedule created and running, with time delay86520
2021-12-06 22:03:43,390:INFO:covid_data_interface:__init__:33:contrutor initiatied
2021-12-06 22:03:43,394:INFO:covid_data_interface:time_handler:105:schedule time calculated
2021-12-06 22:03:44,210:INFO:covid_data_interface:time_handler:105:schedule time calculated
2021-12-06 22:03:44,211:INFO:covid_data_interface:schedule_widget_handling_running:129:news update  repeatnew schedule created and running, with time delay86520
2021-12-06 22:03:44,211:INFO:covid_data_interface:__init__:33:contrutor initiatied
2021-12-06 22:04:01,804:INFO:covid_data_interface:time_handler:105:schedule time calculated
2021-12-06 22:04:01,805:INFO:covid_data_interface:schedule_widget_handling_running:129:news update  repeatnew schedule created and running, with time delay86460
2021-12-06 22:04:01,805:INFO:covid_data_interface:__init__:33:contrutor initiatied
2021-12-06 22:04:01,808:INFO:covid_data_interface:time_handler:105:schedule time calculated
2021-12-06 22:04:02,641:INFO:covid_data_interface:time_handler:105:schedule time calculated
2021-12-06 22:04:02,642:INFO:covid_data_interface:schedule_widget_handling_running:129:news update  repeatnew schedule created and running, with time delay86460
2021-12-06 22:04:02,642:INFO:covid_data_interface:__init__:33:contrutor initiatied
2021-12-06 22:04:05,366:INFO:covid_data_interface:time_handler:105:schedule time calculated
2021-12-06 22:04:05,367:INFO:covid_data_interface:schedule_widget_handling_running:129:news update  repeatnew schedule created and running, with time delay86460
2021-12-06 22:04:05,367:INFO:covid_data_interface:__init__:33:contrutor initiatied
2021-12-06 22:04:05,369:INFO:covid_data_interface:time_handler:105:schedule time calculated
2021-12-06 22:04:06,555:INFO:covid_data_interface:time_handler:105:schedule time calculated
2021-12-06 22:04:06,555:INFO:covid_data_interface:schedule_widget_handling_running:129:news update  repeatnew schedule created and running, with time delay86460
2021-12-06 22:04:06,555:INFO:covid_data_interface:__init__:33:contrutor initiatied
2021-12-06 22:04:09,722:INFO:covid_data_interface:time_handler:105:schedule time calculated
2021-12-06 22:04:09,723:INFO:covid_data_interface:schedule_widget_handling_running:129:news update  repeatnew schedule created and running, with time delay86460
2021-12-06 22:04:09,725:INFO:covid_data_interface:home:57:Flask website decorated
2021-12-06 22:06:18,410:INFO:covid_data_interface:time_handler:105:schedule time calculated
2021-12-06 22:06:18,412:INFO:covid_data_interface:schedule_widget_handling_running:131:news update  repeatnew schedule created and running, with time delay172740
2021-12-06 22:06:18,412:INFO:covid_data_interface:__init__:33:contrutor initiatied
2021-12-06 22:06:18,418:INFO:covid_data_interface:time_handler:105:schedule time calculated
2021-12-06 22:06:18,922:INFO:covid_data_interface:time_handler:105:schedule time calculated
2021-12-06 22:06:18,922:INFO:covid_data_interface:schedule_widget_handling_running:131:news update  repeatnew schedule created and running, with time delay172740
2021-12-06 22:06:18,922:INFO:covid_data_interface:__init__:33:contrutor initiatied
2021-12-06 22:06:58,325:INFO:covid_data_interface:time_handler:105:schedule time calculated
2021-12-06 22:06:58,326:INFO:covid_data_interface:schedule_widget_handling_running:131:news update  repeatnew schedule created and running, with time delay172740
2021-12-06 22:06:58,327:INFO:covid_data_interface:__init__:33:contrutor initiatied
2021-12-06 22:06:58,328:INFO:covid_data_interface:time_handler:105:schedule time calculated
2021-12-06 22:06:59,473:INFO:covid_data_interface:time_handler:105:schedule time calculated
2021-12-06 22:06:59,474:INFO:covid_data_interface:schedule_widget_handling_running:131:news update  repeatnew schedule created and running, with time delay172740
2021-12-06 22:06:59,474:INFO:covid_data_interface:__init__:33:contrutor initiatied
2021-12-06 22:07:01,924:INFO:covid_data_interface:time_handler:105:schedule time calculated
2021-12-06 22:07:01,925:INFO:covid_data_interface:schedule_widget_handling_running:131:news update  repeatnew schedule created and running, with time delay172680
2021-12-06 22:07:01,925:INFO:covid_data_interface:__init__:33:contrutor initiatied
2021-12-06 22:07:01,926:INFO:covid_data_interface:time_handler:105:schedule time calculated
2021-12-06 22:07:02,494:INFO:covid_data_interface:time_handler:105:schedule time calculated
2021-12-06 22:07:02,495:INFO:covid_data_interface:schedule_widget_handling_running:131:news update  repeatnew schedule created and running, with time delay172680
2021-12-06 22:07:02,495:INFO:covid_data_interface:__init__:33:contrutor initiatied
2021-12-06 22:07:07,330:INFO:covid_data_interface:time_handler:105:schedule time calculated
2021-12-06 22:07:07,334:INFO:covid_data_interface:schedule_widget_handling_running:131:news update  repeatnew schedule created and running, with time delay172680
2021-12-06 22:07:07,336:INFO:covid_data_interface:home:57:Flask website decorated
2021-12-06 22:08:15,744:INFO:covid_data_interface:time_handler:104:schedule time calculated
2021-12-06 22:08:15,745:INFO:covid_data_interface:schedule_widget_handling_running:130:news update  repeatnew schedule created and running, with time delay172620
2021-12-06 22:08:15,745:INFO:covid_data_interface:__init__:33:contrutor initiatied
2021-12-06 22:08:15,747:INFO:covid_data_interface:time_handler:104:schedule time calculated
2021-12-06 22:08:16,316:INFO:covid_data_interface:time_handler:104:schedule time calculated
2021-12-06 22:08:16,317:INFO:covid_data_interface:schedule_widget_handling_running:130:news update  repeatnew schedule created and running, with time delay172620
2021-12-06 22:08:16,317:INFO:covid_data_interface:__init__:33:contrutor initiatied
2021-12-06 22:08:18,438:INFO:covid_data_interface:time_handler:104:schedule time calculated
2021-12-06 22:08:18,439:INFO:covid_data_interface:schedule_widget_handling_running:130:news update  repeatnew schedule created and running, with time delay172620
2021-12-06 22:08:18,439:INFO:covid_data_interface:__init__:33:contrutor initiatied
2021-12-06 22:08:18,441:INFO:covid_data_interface:time_handler:104:schedule time calculated
2021-12-06 22:08:19,260:INFO:covid_data_interface:time_handler:104:schedule time calculated
2021-12-06 22:08:19,261:INFO:covid_data_interface:schedule_widget_handling_running:130:news update  repeatnew schedule created and running, with time delay172620
2021-12-06 22:08:19,261:INFO:covid_data_interface:__init__:33:contrutor initiatied
2021-12-06 22:08:19,728:INFO:covid_data_interface:home:56:Flask website decorated
2021-12-06 22:08:52,054:INFO:covid_data_interface:__init__:33:contrutor initiatied
2021-12-06 22:08:52,056:INFO:covid_data_interface:time_handler:104:schedule time calculated
2021-12-06 22:08:53,201:INFO:covid_data_interface:__init__:33:contrutor initiatied
2021-12-06 22:09:03,812:INFO:covid_data_interface:__init__:34:contrutor initiatied
2021-12-06 22:09:04,888:INFO:covid_data_interface:__init__:34:contrutor initiatied
2021-12-06 22:09:06,313:INFO:covid_data_interface:widget_handler:265:user demands sched removal
2021-12-06 22:09:06,317:INFO:covid_data_interface:schedule_widget_handling_removing_user:164:news update  repeat|| schedule removed
2021-12-06 22:09:06,340:INFO:covid_data_interface:home:57:Flask website decorated
2021-12-06 22:09:10,608:INFO:covid_data_interface:home:57:Flask website decorated
2021-12-06 22:09:11,246:INFO:covid_data_interface:home:57:Flask website decorated
2021-12-06 22:09:14,018:INFO:covid_data_interface:home:57:Flask website decorated
2021-12-06 22:09:22,859:INFO:covid_data_interface:widget_handler:271:user demands new schedule to be added
2021-12-06 22:09:22,860:INFO:covid_data_interface:updates_widget_handling_storing:241:schedule added to schedul_config
2021-12-06 22:09:22,863:INFO:covid_data_interface:time_handler:105:schedule time calculated
2021-12-06 22:09:22,865:INFO:covid_data_interface:schedule_widget_handling_running:131:covid update  repeatnew schedule created and running, with time delay86460
2021-12-06 22:09:22,866:INFO:covid_data_interface:time_handler:105:schedule time calculated
2021-12-06 22:09:22,867:INFO:covid_data_interface:schedule_widget_handling_running:131:covid update new schedule created and running, with time delay60
2021-12-06 22:09:22,874:INFO:covid_data_interface:home:57:Flask website decorated
2021-12-06 22:10:24,677:INFO:covid_data_interface:home:57:Flask website decorated
2021-12-06 22:10:36,709:INFO:covid_data_interface:widget_handler:265:user demands sched removal
2021-12-06 22:10:36,711:INFO:covid_data_interface:schedule_widget_handling_removing_user:164:covid update  repeat|| schedule removed
2021-12-06 22:10:36,723:INFO:covid_data_interface:home:57:Flask website decorated
2021-12-06 22:11:16,031:INFO:covid_data_interface:__init__:34:contrutor initiatied
2021-12-06 22:11:17,389:INFO:covid_data_interface:__init__:34:contrutor initiatied
2021-12-06 22:11:21,337:INFO:covid_data_interface:home:57:Flask website decorated
2021-12-06 22:11:22,262:INFO:covid_data_interface:home:57:Flask website decorated
2021-12-06 22:11:22,806:INFO:covid_data_interface:home:57:Flask website decorated
2021-12-06 22:11:23,200:INFO:covid_data_interface:home:57:Flask website decorated
2021-12-06 22:12:35,225:INFO:covid_data_interface:__init__:36:contrutor initiatied
2021-12-06 22:12:35,228:INFO:covid_data_interface:time_handler:105:schedule time calculated
2021-12-06 22:12:36,438:INFO:covid_data_interface:__init__:36:contrutor initiatied
2021-12-06 22:12:38,930:INFO:covid_data_interface:__init__:36:contrutor initiatied
2021-12-06 22:12:38,933:INFO:covid_data_interface:time_handler:105:schedule time calculated
2021-12-06 22:12:39,776:INFO:covid_data_interface:__init__:36:contrutor initiatied
2021-12-06 22:12:44,034:INFO:covid_data_interface:home:57:Flask website decorated
2021-12-06 22:13:44,024:INFO:covid_data_interface:__init__:35:contrutor initiatied
2021-12-06 22:15:02,168:INFO:covid_data_interface:__init__:35:contrutor initiatied
2021-12-06 22:15:03,165:INFO:covid_data_interface:__init__:35:contrutor initiatied
2021-12-06 22:15:08,275:INFO:covid_data_interface:home:56:Flask website decorated
2021-12-06 22:15:39,343:INFO:covid_data_interface:home:56:Flask website decorated
2021-12-06 22:15:39,888:INFO:covid_data_interface:home:56:Flask website decorated
2021-12-06 22:15:40,382:INFO:covid_data_interface:home:56:Flask website decorated
2021-12-06 22:15:40,878:INFO:covid_data_interface:home:56:Flask website decorated
2021-12-07 12:02:26,986:INFO:covid_data_interface:__init__:35:contrutor initiatied
2021-12-07 12:02:27,000:INFO:covid_data_interface:time_handler:104:schedule time calculated
2021-12-07 12:02:27,539:INFO:covid_data_interface:__init__:35:contrutor initiatied
2021-12-07 12:03:29,691:INFO:covid_data_interface:__init__:35:contrutor initiatied
2021-12-07 12:03:30,636:INFO:covid_data_interface:__init__:35:contrutor initiatied
2021-12-07 12:03:42,308:INFO:covid_data_interface:__init__:35:contrutor initiatied
2021-12-07 12:04:28,416:INFO:covid_data_interface:__init__:35:contrutor initiatied
2021-12-07 12:17:52,507:INFO:covid_data_interface:time_handler:104:schedule time calculated
2021-12-07 12:17:52,508:INFO:covid_data_interface:schedule_widget_handling_running:127:covid update new schedule created and running, with time delay180
2021-12-07 12:17:52,508:INFO:covid_data_interface:__init__:35:contrutor initiatied
2021-12-07 12:32:36,988:INFO:covid_data_interface:__init__:35:contrutor initiatied
2021-12-07 12:33:50,411:INFO:covid_data_interface:__init__:35:contrutor initiatied
2021-12-07 12:33:52,270:INFO:covid_data_interface:__init__:35:contrutor initiatied
2021-12-07 12:36:20,777:INFO:covid_data_interface:__init__:35:contrutor initiatied
2021-12-07 12:40:15,343:INFO:covid_data_interface:__init__:35:contrutor initiatied
2021-12-07 12:41:16,908:INFO:covid_data_interface:__init__:35:contrutor initiatied
2021-12-07 12:41:22,120:INFO:covid_data_interface:__init__:35:contrutor initiatied
2021-12-07 12:43:45,683:INFO:covid_data_interface:__init__:35:contrutor initiatied
2021-12-07 12:46:02,396:INFO:covid_data_interface:__init__:35:contrutor initiatied
2021-12-07 12:46:26,768:INFO:covid_data_interface:__init__:35:contrutor initiatied
2021-12-07 17:12:32,807:INFO:covid_data_interface:__init__:35:contrutor initiatied
2021-12-07 17:12:33,777:INFO:covid_data_interface:__init__:35:contrutor initiatied
2021-12-07 17:12:35,604:INFO:covid_data_interface:home:56:Flask website decorated
2021-12-07 17:53:00,808:INFO:covid_data_interface:__init__:35:contrutor initiatied
2021-12-07 17:53:01,832:INFO:covid_data_interface:__init__:35:contrutor initiatied
2021-12-07 17:53:04,153:INFO:covid_data_interface:home:56:Flask website decorated
2021-12-07 17:53:14,002:INFO:covid_data_interface:home:56:Flask website decorated
2021-12-07 17:53:19,697:INFO:covid_data_interface:widget_handler:268:user demands new schedule to be added
2021-12-07 17:53:34,620:INFO:covid_data_interface:home:56:Flask website decorated
2021-12-07 17:53:42,463:INFO:covid_data_interface:widget_handler:268:user demands new schedule to be added
2021-12-07 17:56:02,795:INFO:covid_data_interface:__init__:35:contrutor initiatied
2021-12-07 17:56:10,966:INFO:covid_data_interface:__init__:35:contrutor initiatied
2021-12-07 17:56:12,237:INFO:covid_data_interface:__init__:35:contrutor initiatied
2021-12-07 17:56:14,093:INFO:covid_data_interface:home:56:Flask website decorated
2021-12-07 17:56:19,648:INFO:covid_data_interface:widget_handler:270:user demands new schedule to be added
2021-12-07 17:56:23,010:INFO:covid_data_interface:home:56:Flask website decorated
2021-12-07 18:00:53,446:INFO:covid_data_interface:__init__:35:contrutor initiatied
2021-12-07 18:02:46,443:INFO:covid_data_interface:__init__:35:constructor initiated
2021-12-07 18:04:25,469:INFO:covid_data_interface:__init__:35:constructor initiated
2021-12-07 18:04:26,401:INFO:covid_data_interface:__init__:35:constructor initiated
2021-12-07 18:04:37,023:INFO:covid_data_interface:__init__:35:constructor initiated
2021-12-07 18:05:50,489:INFO:covid_data_interface:__init__:35:constructor initiated
2021-12-07 18:06:48,087:INFO:covid_data_interface:__init__:35:constructor initiated
2021-12-07 18:07:43,243:INFO:covid_data_interface:__init__:35:constructor initiated
2021-12-07 18:07:44,920:INFO:covid_data_interface:home:56:Flask website decorated
2021-12-07 18:07:53,665:INFO:covid_data_interface:widget_handler:268:user demands new schedule to be added
2021-12-07 18:07:53,666:INFO:covid_data_interface:updates_widget_handling_storing:238:schedule added to schedul_config
2021-12-07 18:07:53,670:INFO:covid_data_interface:time_handler:104:schedule time calculated
2021-12-07 18:07:53,671:INFO:covid_data_interface:schedule_widget_handling_running:127:Mid-day update  repeatnew schedule created and running, with time delay86580
2021-12-07 18:07:53,671:INFO:covid_data_interface:time_handler:104:schedule time calculated
2021-12-07 18:07:53,672:INFO:covid_data_interface:schedule_widget_handling_running:127:Mid-day update new schedule created and running, with time delay180
2021-12-07 18:07:53,682:INFO:covid_data_interface:home:56:Flask website decorated
2021-12-07 18:08:53,822:INFO:covid_data_interface:home:56:Flask website decorated
2021-12-07 18:09:39,424:INFO:covid_data_interface:widget_handler:268:user demands new schedule to be added
2021-12-07 18:09:39,436:INFO:covid_data_interface:home:56:Flask website decorated
2021-12-07 18:09:48,446:INFO:covid_data_interface:widget_handler:268:user demands new schedule to be added
2021-12-07 18:09:48,456:INFO:covid_data_interface:home:56:Flask website decorated
2021-12-07 18:09:52,097:INFO:covid_data_interface:widget_handler:265:user demands news removal
2021-12-07 18:09:52,099:INFO:covid_data_interface:news_widget_handling_removing:87:Kids and Vaccines - The White House || article removed
2021-12-07 18:09:52,111:INFO:covid_data_interface:home:56:Flask website decorated
2021-12-07 18:09:53,628:INFO:covid_data_interface:widget_handler:265:user demands news removal
2021-12-07 18:09:53,633:INFO:covid_data_interface:news_widget_handling_removing:87:COVID-19: UK records 101 new Omicron variant cases in past 24 hours taking total to 437 - Sky News || article removed
2021-12-07 18:09:53,642:INFO:covid_data_interface:home:56:Flask website decorated
2021-12-07 18:10:55,065:INFO:covid_data_interface:home:56:Flask website decorated
2021-12-07 18:11:39,099:INFO:covid_data_interface:time_handler:104:schedule time calculated
2021-12-07 18:11:39,100:INFO:covid_data_interface:schedule_widget_handling_running:127:Mid-day update  repeatnew schedule created and running, with time delay172740
2021-12-07 18:11:39,100:INFO:covid_data_interface:__init__:35:constructor initiated
2021-12-07 18:11:40,745:INFO:covid_data_interface:home:56:Flask website decorated
2021-12-07 18:11:43,898:INFO:covid_data_interface:widget_handler:262:user demands sched removal
2021-12-07 18:11:43,903:INFO:covid_data_interface:schedule_widget_handling_removing_user:160:Mid-day update  repeat|| schedule removed
2021-12-07 18:11:43,914:INFO:covid_data_interface:home:56:Flask website decorated
2021-12-07 18:11:50,460:INFO:covid_data_interface:widget_handler:268:user demands new schedule to be added
2021-12-07 18:12:07,983:INFO:covid_data_interface:widget_handler:268:user demands new schedule to be added
2021-12-07 18:12:29,509:INFO:covid_data_interface:__init__:35:constructor initiated
2021-12-07 18:12:32,418:INFO:covid_data_interface:home:56:Flask website decorated
2021-12-07 18:12:39,779:INFO:covid_data_interface:widget_handler:268:user demands new schedule to be added
2021-12-07 18:13:00,574:INFO:covid_data_interface:__init__:35:constructor initiated
2021-12-07 18:13:00,614:INFO:covid_data_interface:widget_handler:268:user demands new schedule to be added
2021-12-07 18:13:28,667:INFO:covid_data_interface:__init__:35:constructor initiated
2021-12-07 18:13:30,599:INFO:covid_data_interface:home:56:Flask website decorated
2021-12-07 18:13:36,921:INFO:covid_data_interface:widget_handler:268:user demands new schedule to be added
2021-12-07 18:13:50,096:INFO:covid_data_interface:__init__:35:constructor initiated
2021-12-07 18:13:53,010:INFO:covid_data_interface:home:56:Flask website decorated
2021-12-07 18:13:58,662:INFO:covid_data_interface:widget_handler:268:user demands new schedule to be added
2021-12-07 18:14:04,746:INFO:covid_data_interface:widget_handler:268:user demands new schedule to be added
2021-12-07 18:14:04,747:INFO:covid_data_interface:updates_widget_handling_storing:244:covid update  schedule added to schedul_config
2021-12-07 18:14:04,748:INFO:covid_data_interface:time_handler:104:schedule time calculated
2021-12-07 18:14:04,749:INFO:covid_data_interface:schedule_widget_handling_running:127:covid update new schedule created and running, with time delay0
2021-12-07 18:14:05,189:INFO:covid_data_interface:home:56:Flask website decorated
2021-12-07 18:14:10,918:INFO:covid_data_interface:__init__:35:constructor initiated
2021-12-07 18:14:12,568:INFO:covid_data_interface:home:56:Flask website decorated
2021-12-07 18:14:17,363:INFO:covid_data_interface:widget_handler:268:user demands new schedule to be added
2021-12-07 18:14:17,363:INFO:covid_data_interface:updates_widget_handling_storing:244:covid update  schedule added to schedul_config
2021-12-07 18:14:17,366:INFO:covid_data_interface:time_handler:104:schedule time calculated
2021-12-07 18:14:17,368:INFO:covid_data_interface:schedule_widget_handling_running:127:covid update new schedule created and running, with time delay60
2021-12-07 18:14:17,374:INFO:covid_data_interface:home:56:Flask website decorated
2021-12-07 18:15:17,701:INFO:covid_data_interface:home:56:Flask website decorated
2021-12-07 18:16:15,332:INFO:covid_data_interface:__init__:35:constructor initiated
2021-12-07 18:16:18,257:INFO:covid_data_interface:home:56:Flask website decorated
2021-12-07 18:16:24,093:INFO:covid_data_interface:widget_handler:268:user demands new schedule to be added
2021-12-07 18:16:24,094:INFO:covid_data_interface:updates_widget_handling_storing:244:covid update  schedule added to schedul_config
2021-12-07 18:16:24,097:INFO:covid_data_interface:time_handler:104:schedule time calculated
2021-12-07 18:16:24,098:INFO:covid_data_interface:schedule_widget_handling_running:127:covid update new schedule created and running, with time delay60
2021-12-07 18:16:24,106:INFO:covid_data_interface:home:56:Flask website decorated
2021-12-07 18:17:24,374:INFO:covid_data_interface:widget_handler:268:user demands new schedule to be added
2021-12-07 18:17:24,374:INFO:covid_data_interface:updates_widget_handling_storing:238:schedule added to schedul_config
2021-12-07 18:17:24,376:INFO:covid_data_interface:time_handler:104:schedule time calculated
2021-12-07 18:17:24,377:INFO:covid_data_interface:schedule_widget_handling_running:127:covid update new schedule created and running, with time delay0
2021-12-07 18:17:24,377:INFO:covid_data_interface:time_handler:104:schedule time calculated
2021-12-07 18:17:24,378:INFO:covid_data_interface:schedule_widget_handling_running:127:End-day update repeatnew schedule created and running, with time delay86520
2021-12-07 18:17:24,378:INFO:covid_data_interface:time_handler:104:schedule time calculated
2021-12-07 18:17:24,379:INFO:covid_data_interface:schedule_widget_handling_running:127:End-day updatenew schedule created and running, with time delay120
2021-12-07 18:17:24,596:INFO:covid_data_interface:home:56:Flask website decorated
2021-12-07 18:17:24,781:INFO:covid_data_interface:home:56:Flask website decorated
2021-12-07 18:17:45,535:INFO:covid_data_interface:time_handler:104:schedule time calculated
2021-12-07 18:17:45,536:INFO:covid_data_interface:schedule_widget_handling_running:127:End-day update repeatnew schedule created and running, with time delay86520
2021-12-07 18:17:45,536:INFO:covid_data_interface:time_handler:104:schedule time calculated
2021-12-07 18:17:45,537:INFO:covid_data_interface:schedule_widget_handling_running:127:End-day updatenew schedule created and running, with time delay120
2021-12-07 18:17:45,537:INFO:covid_data_interface:__init__:35:constructor initiated
2021-12-07 18:17:47,935:INFO:covid_data_interface:home:56:Flask website decorated
2021-12-07 18:17:58,391:INFO:covid_data_interface:widget_handler:268:user demands new schedule to be added
2021-12-07 18:17:58,391:INFO:covid_data_interface:updates_widget_handling_storing:244:covid update  schedule added to schedul_config
2021-12-07 18:17:58,394:INFO:covid_data_interface:time_handler:104:schedule time calculated
2021-12-07 18:17:58,396:INFO:covid_data_interface:schedule_widget_handling_running:127:End-day update repeatnew schedule created and running, with time delay86520
2021-12-07 18:17:58,396:INFO:covid_data_interface:time_handler:104:schedule time calculated
2021-12-07 18:17:58,397:INFO:covid_data_interface:schedule_widget_handling_running:127:End-day updatenew schedule created and running, with time delay120
2021-12-07 18:17:58,397:INFO:covid_data_interface:time_handler:104:schedule time calculated
2021-12-07 18:17:58,397:INFO:covid_data_interface:schedule_widget_handling_running:127:covid update new schedule created and running, with time delay60
2021-12-07 18:17:58,404:INFO:covid_data_interface:home:56:Flask website decorated
2021-12-07 18:18:04,733:INFO:covid_data_interface:widget_handler:268:user demands new schedule to be added
2021-12-07 18:18:04,733:INFO:covid_data_interface:updates_widget_handling_storing:244:news update  schedule added to schedul_config
2021-12-07 18:18:04,736:INFO:covid_data_interface:time_handler:104:schedule time calculated
2021-12-07 18:18:04,736:INFO:covid_data_interface:schedule_widget_handling_running:127:End-day update repeatnew schedule created and running, with time delay86460
2021-12-07 18:18:04,736:INFO:covid_data_interface:time_handler:104:schedule time calculated
2021-12-07 18:18:04,737:INFO:covid_data_interface:schedule_widget_handling_running:127:End-day updatenew schedule created and running, with time delay60
2021-12-07 18:18:04,737:INFO:covid_data_interface:time_handler:104:schedule time calculated
2021-12-07 18:18:04,737:INFO:covid_data_interface:schedule_widget_handling_running:127:covid update new schedule created and running, with time delay0
2021-12-07 18:18:04,737:INFO:covid_data_interface:time_handler:104:schedule time calculated
2021-12-07 18:18:04,737:INFO:covid_data_interface:schedule_widget_handling_running:127:news update new schedule created and running, with time delay0
2021-12-07 18:18:05,310:INFO:covid_data_interface:home:56:Flask website decorated
2021-12-07 18:18:16,032:INFO:covid_data_interface:widget_handler:268:user demands new schedule to be added
2021-12-07 18:18:16,032:INFO:covid_data_interface:updates_widget_handling_storing:244:news update  schedule added to schedul_config
2021-12-07 18:18:16,034:INFO:covid_data_interface:time_handler:104:schedule time calculated
2021-12-07 18:18:16,034:INFO:covid_data_interface:schedule_widget_handling_running:127:End-day update repeatnew schedule created and running, with time delay86460
2021-12-07 18:18:16,035:INFO:covid_data_interface:time_handler:104:schedule time calculated
2021-12-07 18:18:16,035:INFO:covid_data_interface:schedule_widget_handling_running:127:End-day updatenew schedule created and running, with time delay60
2021-12-07 18:18:16,035:INFO:covid_data_interface:time_handler:104:schedule time calculated
2021-12-07 18:18:16,035:INFO:covid_data_interface:schedule_widget_handling_running:127:news update new schedule created and running, with time delay120
2021-12-07 18:18:16,043:INFO:covid_data_interface:home:56:Flask website decorated
2021-12-07 18:18:22,360:INFO:covid_data_interface:widget_handler:268:user demands new schedule to be added
2021-12-07 18:18:22,360:INFO:covid_data_interface:updates_widget_handling_storing:244:covid update  schedule added to schedul_config
2021-12-07 18:18:22,362:INFO:covid_data_interface:time_handler:104:schedule time calculated
2021-12-07 18:18:22,362:INFO:covid_data_interface:schedule_widget_handling_running:127:End-day update repeatnew schedule created and running, with time delay86460
2021-12-07 18:18:22,362:INFO:covid_data_interface:time_handler:104:schedule time calculated
2021-12-07 18:18:22,362:INFO:covid_data_interface:schedule_widget_handling_running:127:End-day updatenew schedule created and running, with time delay60
2021-12-07 18:18:22,362:INFO:covid_data_interface:time_handler:104:schedule time calculated
2021-12-07 18:18:22,362:INFO:covid_data_interface:schedule_widget_handling_running:127:news update new schedule created and running, with time delay120
2021-12-07 18:18:22,363:INFO:covid_data_interface:time_handler:104:schedule time calculated
2021-12-07 18:18:22,363:INFO:covid_data_interface:schedule_widget_handling_running:127:covid update new schedule created and running, with time delay120
2021-12-07 18:18:22,370:INFO:covid_data_interface:home:56:Flask website decorated
2021-12-07 18:18:43,577:INFO:covid_data_interface:widget_handler:268:user demands new schedule to be added
2021-12-07 18:18:43,577:INFO:covid_data_interface:updates_widget_handling_storing:244:Mid-day update  schedule added to schedul_config
2021-12-07 18:18:43,579:INFO:covid_data_interface:time_handler:104:schedule time calculated
2021-12-07 18:18:43,579:INFO:covid_data_interface:schedule_widget_handling_running:127:End-day update repeatnew schedule created and running, with time delay86460
2021-12-07 18:18:43,580:INFO:covid_data_interface:time_handler:104:schedule time calculated
2021-12-07 18:18:43,580:INFO:covid_data_interface:schedule_widget_handling_running:127:End-day updatenew schedule created and running, with time delay60
2021-12-07 18:18:43,580:INFO:covid_data_interface:time_handler:104:schedule time calculated
2021-12-07 18:18:43,580:INFO:covid_data_interface:schedule_widget_handling_running:127:news update new schedule created and running, with time delay120
2021-12-07 18:18:43,580:INFO:covid_data_interface:time_handler:104:schedule time calculated
2021-12-07 18:18:43,580:INFO:covid_data_interface:schedule_widget_handling_running:127:covid update new schedule created and running, with time delay120
2021-12-07 18:18:43,580:INFO:covid_data_interface:time_handler:104:schedule time calculated
2021-12-07 18:18:43,581:INFO:covid_data_interface:schedule_widget_handling_running:127:Mid-day update new schedule created and running, with time delay60
2021-12-07 18:18:43,590:INFO:covid_data_interface:home:56:Flask website decorated
2021-12-07 18:19:48,616:INFO:covid_data_interface:home:56:Flask website decorated
2021-12-07 18:20:50,772:INFO:covid_data_interface:home:56:Flask website decorated
2021-12-07 18:21:50,911:INFO:covid_data_interface:home:56:Flask website decorated
2021-12-07 18:22:04,459:INFO:covid_data_interface:widget_handler:262:user demands sched removal
2021-12-07 18:22:04,461:INFO:covid_data_interface:schedule_widget_handling_removing_user:160:End-day update repeat|| schedule removed
2021-12-07 18:22:04,469:INFO:covid_data_interface:home:56:Flask website decorated
2021-12-07 18:22:06,537:INFO:covid_data_interface:widget_handler:265:user demands news removal
2021-12-07 18:22:06,538:INFO:covid_data_interface:news_widget_handling_removing:87:Why the UK risks missing its Covid booster target - Telegraph.co.uk || article removed
2021-12-07 18:22:06,548:INFO:covid_data_interface:home:56:Flask website decorated
2021-12-07 18:22:25,613:INFO:covid_data_interface:__init__:35:constructor initiated
2021-12-07 18:22:28,768:INFO:covid_data_interface:home:56:Flask website decorated
2021-12-07 18:22:33,668:INFO:covid_data_interface:widget_handler:268:user demands new schedule to be added
2021-12-07 18:22:33,669:ERROR:covid_data_interface:updates_widget_handling_storing:249:No data inputted in schedule form
2021-12-07 18:22:33,677:INFO:covid_data_interface:home:56:Flask website decorated
2021-12-07 18:22:41,006:INFO:covid_data_interface:widget_handler:268:user demands new schedule to be added
2021-12-07 18:22:41,015:INFO:covid_data_interface:home:56:Flask website decorated
2021-12-07 18:22:46,589:INFO:covid_data_interface:widget_handler:268:user demands new schedule to be added
2021-12-07 18:22:46,599:INFO:covid_data_interface:home:56:Flask website decorated
2021-12-07 18:23:11,815:INFO:covid_data_interface:__init__:35:constructor initiated
2021-12-07 18:23:11,817:INFO:covid_data_interface:time_handler:104:schedule time calculated
2021-12-07 18:23:16,362:INFO:covid_data_interface:__init__:35:constructor initiated
2021-12-07 18:23:25,665:INFO:covid_data_interface:home:56:Flask website decorated
2021-12-07 18:23:32,499:INFO:covid_data_interface:widget_handler:268:user demands new schedule to be added
2021-12-07 18:23:32,500:INFO:covid_data_interface:updates_widget_handling_storing:244:covid update  schedule added to schedul_config
2021-12-07 18:23:32,501:INFO:covid_data_interface:time_handler:104:schedule time calculated
2021-12-07 18:23:32,502:INFO:covid_data_interface:schedule_widget_handling_running:127:covid update new schedule created and running, with time delay60
2021-12-07 18:23:33,226:INFO:covid_data_interface:home:56:Flask website decorated
2021-12-07 18:23:41,357:INFO:covid_data_interface:widget_handler:268:user demands new schedule to be added
2021-12-07 18:23:41,357:INFO:covid_data_interface:updates_widget_handling_storing:244:news update  schedule added to schedul_config
2021-12-07 18:23:41,359:INFO:covid_data_interface:time_handler:104:schedule time calculated
2021-12-07 18:23:41,360:INFO:covid_data_interface:schedule_widget_handling_running:127:covid update new schedule created and running, with time delay60
2021-12-07 18:23:41,360:INFO:covid_data_interface:time_handler:104:schedule time calculated
2021-12-07 18:23:41,361:INFO:covid_data_interface:schedule_widget_handling_running:127:news update new schedule created and running, with time delay60
2021-12-07 18:23:41,367:INFO:covid_data_interface:home:56:Flask website decorated
2021-12-07 18:24:43,649:INFO:covid_data_interface:home:56:Flask website decorated
2021-12-07 18:24:54,311:INFO:covid_data_interface:__init__:35:constructor initiated
2021-12-07 18:24:54,314:INFO:covid_data_interface:time_handler:104:schedule time calculated
2021-12-07 18:24:55,188:INFO:covid_data_interface:__init__:35:constructor initiated
2021-12-07 18:25:01,705:INFO:covid_data_interface:home:56:Flask website decorated
2021-12-07 18:25:17,058:INFO:covid_data_interface:widget_handler:268:user demands new schedule to be added
2021-12-07 18:25:17,058:INFO:covid_data_interface:updates_widget_handling_storing:238:schedule added to schedul_config
2021-12-07 18:25:17,060:INFO:covid_data_interface:time_handler:104:schedule time calculated
2021-12-07 18:25:17,061:INFO:covid_data_interface:schedule_widget_handling_running:127:covid update  repeatnew schedule created and running, with time delay86520
2021-12-07 18:25:17,061:INFO:covid_data_interface:time_handler:104:schedule time calculated
2021-12-07 18:25:17,061:INFO:covid_data_interface:schedule_widget_handling_running:127:covid update new schedule created and running, with time delay120
2021-12-07 18:25:18,193:INFO:covid_data_interface:home:56:Flask website decorated
2021-12-07 18:26:18,293:INFO:covid_data_interface:home:56:Flask website decorated
2021-12-07 18:27:19,186:INFO:covid_data_interface:home:56:Flask website decorated
2021-12-07 18:28:19,332:INFO:covid_data_interface:home:56:Flask website decorated
2021-12-07 18:29:19,486:INFO:covid_data_interface:home:56:Flask website decorated
2021-12-07 18:29:27,460:INFO:covid_data_interface:widget_handler:262:user demands sched removal
2021-12-07 18:29:27,462:INFO:covid_data_interface:schedule_widget_handling_removing_user:160:covid update  repeat|| schedule removed
2021-12-07 18:29:27,469:INFO:covid_data_interface:home:56:Flask website decorated
2021-12-07 18:29:37,346:INFO:covid_data_interface:widget_handler:268:user demands new schedule to be added
2021-12-07 18:29:37,346:INFO:covid_data_interface:updates_widget_handling_storing:238:schedule added to schedul_config
2021-12-07 18:29:37,348:INFO:covid_data_interface:time_handler:104:schedule time calculated
2021-12-07 18:29:37,348:INFO:covid_data_interface:schedule_widget_handling_running:127:covid update  repeatnew schedule created and running, with time delay86460
2021-12-07 18:29:37,349:INFO:covid_data_interface:time_handler:104:schedule time calculated
2021-12-07 18:29:37,349:INFO:covid_data_interface:schedule_widget_handling_running:127:covid update new schedule created and running, with time delay60
2021-12-07 18:29:37,357:INFO:covid_data_interface:home:56:Flask website decorated
2021-12-07 18:29:47,246:INFO:covid_data_interface:widget_handler:265:user demands news removal
2021-12-07 18:29:47,248:INFO:covid_data_interface:news_widget_handling_removing:87:Why the UK risks missing its Covid booster target - Telegraph.co.uk || article removed
2021-12-07 18:29:47,255:INFO:covid_data_interface:home:56:Flask website decorated
2021-12-07 18:30:48,033:INFO:covid_data_interface:home:56:Flask website decorated
2021-12-07 18:30:50,094:INFO:covid_data_interface:widget_handler:262:user demands sched removal
2021-12-07 18:30:50,096:INFO:covid_data_interface:schedule_widget_handling_removing_user:160:covid update  repeat|| schedule removed
2021-12-07 18:30:50,102:INFO:covid_data_interface:home:56:Flask website decorated
2021-12-07 18:44:36,079:INFO:covid_data_interface:__init__:35:constructor initiated
2021-12-07 18:44:36,081:INFO:covid_data_interface:time_handler:104:schedule time calculated
2021-12-07 19:33:14,275:INFO:covid_data_interface:__init__:35:constructor initiated
2021-12-07 19:33:14,282:INFO:covid_data_interface:time_handler:106:schedule time calculated
2021-12-07 19:33:15,196:INFO:covid_data_interface:__init__:35:constructor initiated
2021-12-07 19:33:28,126:INFO:covid_data_interface:home:58:Flask website decorated
2021-12-07 19:33:38,755:INFO:covid_data_interface:widget_handler:270:user demands new schedule to be added
2021-12-07 19:33:38,756:INFO:covid_data_interface:updates_widget_handling_storing:246:covid update  schedule added to schedul_config
2021-12-07 19:33:38,761:INFO:covid_data_interface:time_handler:106:schedule time calculated
2021-12-07 19:33:38,762:INFO:covid_data_interface:schedule_widget_handling_running:129:covid update new schedule created and running, with time delay60
2021-12-07 19:33:38,781:INFO:covid_data_interface:home:58:Flask website decorated
2021-12-07 19:33:52,963:INFO:covid_data_interface:widget_handler:264:user demands sched removal
2021-12-07 19:33:52,966:INFO:covid_data_interface:schedule_widget_handling_removing_user:162:covid update || schedule removed
2021-12-07 19:33:52,978:INFO:covid_data_interface:home:58:Flask website decorated
2021-12-07 19:35:06,386:INFO:covid_data_interface:__init__:35:constructor initiated
2021-12-07 19:35:06,393:INFO:covid_data_interface:time_handler:106:schedule time calculated
2021-12-07 19:35:07,690:INFO:covid_data_interface:__init__:35:constructor initiated
2021-12-07 19:35:13,000:INFO:covid_data_interface:home:58:Flask website decorated
2021-12-07 19:35:17,606:INFO:covid_data_interface:widget_handler:270:user demands new schedule to be added
2021-12-07 19:35:17,607:INFO:covid_data_interface:updates_widget_handling_storing:246:covid update  schedule added to schedul_config
2021-12-07 19:35:17,611:INFO:covid_data_interface:time_handler:106:schedule time calculated
2021-12-07 19:35:17,613:INFO:covid_data_interface:schedule_widget_handling_running:129:covid update new schedule created and running, with time delay60
2021-12-07 19:35:18,964:INFO:covid_data_interface:home:58:Flask website decorated
2021-12-07 19:35:26,859:INFO:covid_data_interface:widget_handler:267:user demands news removal
2021-12-07 19:35:26,864:INFO:covid_data_interface:news_widget_handling_removing:89:HIV infections drop, but Covid hampers fight: WHO - Arab News || article removed
2021-12-07 19:35:26,883:INFO:covid_data_interface:home:58:Flask website decorated
2021-12-07 19:35:28,368:INFO:covid_data_interface:widget_handler:267:user demands news removal
2021-12-07 19:35:28,373:INFO:covid_data_interface:news_widget_handling_removing:89:HIV infections drop in Africa, but Covid hampers fight: WHO - Hindustan Times || article removed
2021-12-07 19:35:28,393:INFO:covid_data_interface:home:58:Flask website decorated
2021-12-07 19:35:29,063:INFO:covid_data_interface:widget_handler:267:user demands news removal
2021-12-07 19:35:29,068:INFO:covid_data_interface:news_widget_handling_removing:89:Man City trail RB Leipzig in Champions League with Liverpool to come, Covid hits Chelsea, Tottenham could... - talkSPORT.com || article removed
2021-12-07 19:35:29,086:INFO:covid_data_interface:home:58:Flask website decorated
2021-12-07 19:35:29,813:INFO:covid_data_interface:widget_handler:267:user demands news removal
2021-12-07 19:35:29,818:INFO:covid_data_interface:news_widget_handling_removing:89:Irish health officials confirm 5,590 new Covid cases as Tony Holohan issues Christmas warning - Irish Mirror || article removed
2021-12-07 19:35:29,837:INFO:covid_data_interface:home:58:Flask website decorated
2021-12-07 19:35:30,510:INFO:covid_data_interface:widget_handler:267:user demands news removal
2021-12-07 19:35:30,519:INFO:covid_data_interface:news_widget_handling_removing:89:A year of COVID vaccines: how the UK pinned its hopes on the jab  and why those hopes are under threat - The Conversation UK || article removed
2021-12-07 19:35:30,608:INFO:covid_data_interface:home:58:Flask website decorated
2021-12-07 19:35:31,058:INFO:covid_data_interface:widget_handler:267:user demands news removal
2021-12-07 19:35:31,064:INFO:covid_data_interface:news_widget_handling_removing:89:Covid numbers announced with Leo Varadkar labelling fourth wave as bitter disappointment - Dublin Live || article removed
2021-12-07 19:35:31,105:INFO:covid_data_interface:home:58:Flask website decorated
2021-12-07 19:35:31,988:INFO:covid_data_interface:widget_handler:267:user demands news removal
2021-12-07 19:35:31,994:INFO:covid_data_interface:news_widget_handling_removing:89:Covid 19 Delta outbreak: Revealed - The public health advice to have Auckland unshackled by now and why Jacinda Ardern rejected it - New Zealand Herald || article removed
2021-12-07 19:35:32,012:INFO:covid_data_interface:home:58:Flask website decorated
2021-12-07 19:36:40,512:INFO:covid_data_interface:time_handler:106:schedule time calculated
2021-12-07 19:36:40,513:INFO:covid_data_interface:schedule_widget_handling_running:129:covid update new schedule created and running, with time delay0
2021-12-07 19:36:40,513:INFO:covid_data_interface:__init__:35:constructor initiated
2021-12-07 19:36:40,517:INFO:covid_data_interface:time_handler:106:schedule time calculated
2021-12-07 19:36:41,389:INFO:covid_data_interface:time_handler:106:schedule time calculated
2021-12-07 19:36:41,390:INFO:covid_data_interface:schedule_widget_handling_running:129:covid update new schedule created and running, with time delay0
2021-12-07 19:36:41,391:INFO:covid_data_interface:__init__:35:constructor initiated
2021-12-07 19:36:43,229:INFO:covid_data_interface:home:58:Flask website decorated
2021-12-07 19:36:56,638:INFO:covid_data_interface:widget_handler:270:user demands new schedule to be added
2021-12-07 19:36:56,639:INFO:covid_data_interface:updates_widget_handling_storing:246:covid update  schedule added to schedul_config
2021-12-07 19:36:56,642:INFO:covid_data_interface:time_handler:106:schedule time calculated
2021-12-07 19:36:56,644:INFO:covid_data_interface:schedule_widget_handling_running:129:covid update new schedule created and running, with time delay180
2021-12-07 19:36:57,872:INFO:covid_data_interface:home:58:Flask website decorated
2021-12-07 19:37:11,127:INFO:covid_data_interface:time_handler:106:schedule time calculated
2021-12-07 19:37:11,128:INFO:covid_data_interface:schedule_widget_handling_running:129:covid update new schedule created and running, with time delay120
2021-12-07 19:37:11,128:INFO:covid_data_interface:__init__:35:constructor initiated
2021-12-07 19:37:11,131:INFO:covid_data_interface:time_handler:106:schedule time calculated
2021-12-07 19:37:12,453:INFO:covid_data_interface:time_handler:106:schedule time calculated
2021-12-07 19:37:12,454:INFO:covid_data_interface:schedule_widget_handling_running:129:covid update new schedule created and running, with time delay120
2021-12-07 19:37:12,455:INFO:covid_data_interface:__init__:35:constructor initiated
2021-12-07 19:37:18,279:INFO:covid_data_interface:home:58:Flask website decorated
2021-12-07 19:38:20,851:INFO:covid_data_interface:home:58:Flask website decorated
2021-12-07 19:39:21,853:INFO:covid_data_interface:home:58:Flask website decorated
2021-12-07 19:39:25,806:INFO:covid_data_interface:widget_handler:267:user demands news removal
2021-12-07 19:39:25,809:INFO:covid_data_interface:news_widget_handling_removing:89:Covid: Taoiseach says there were 87,000 no shows for boosters last week - The Irish Times || article removed
2021-12-07 19:39:25,820:INFO:covid_data_interface:home:58:Flask website decorated
2021-12-07 19:39:27,133:INFO:covid_data_interface:widget_handler:267:user demands news removal
2021-12-07 19:39:27,137:INFO:covid_data_interface:news_widget_handling_removing:89:Michigan sets hospitalization record, leads nation in new coronavirus cases per capita - CNN || article removed
2021-12-07 19:39:27,147:INFO:covid_data_interface:home:58:Flask website decorated
2021-12-07 19:39:27,616:INFO:covid_data_interface:widget_handler:267:user demands news removal
2021-12-07 19:39:27,619:INFO:covid_data_interface:news_widget_handling_removing:89:Ontario COVID-19 cases, ICUs will rise even without Omicron variant: new modelling - Globalnews.ca || article removed
2021-12-07 19:39:27,633:INFO:covid_data_interface:home:58:Flask website decorated
2021-12-07 19:39:28,039:INFO:covid_data_interface:widget_handler:267:user demands news removal
2021-12-07 19:39:28,043:INFO:covid_data_interface:news_widget_handling_removing:89:Ontario extends pause on reopening plan as COVID-19 situation worsens - CTV News Toronto || article removed
2021-12-07 19:39:28,057:INFO:covid_data_interface:home:58:Flask website decorated
2021-12-07 19:39:28,474:INFO:covid_data_interface:widget_handler:267:user demands news removal
2021-12-07 19:39:28,477:INFO:covid_data_interface:news_widget_handling_removing:89:COVID-19 spread more by men, loud talkers: study - Fox News || article removed
2021-12-07 19:39:28,488:INFO:covid_data_interface:home:58:Flask website decorated
2021-12-07 19:39:28,916:INFO:covid_data_interface:widget_handler:267:user demands news removal
2021-12-07 19:39:28,919:INFO:covid_data_interface:news_widget_handling_removing:89:Possible COVID-19 exposure at Belleville's Quinte Bowl - County Weekly News || article removed
2021-12-07 19:39:29,002:INFO:covid_data_interface:home:58:Flask website decorated
2021-12-07 19:39:29,420:INFO:covid_data_interface:widget_handler:267:user demands news removal
2021-12-07 19:39:29,425:INFO:covid_data_interface:news_widget_handling_removing:89:Stocks Open Higher; Oil Gains on Omicron Optimism - The Wall Street Journal || article removed
2021-12-07 19:39:29,436:INFO:covid_data_interface:home:58:Flask website decorated
2021-12-07 19:39:29,831:INFO:covid_data_interface:widget_handler:267:user demands news removal
2021-12-07 19:39:29,834:INFO:covid_data_interface:news_widget_handling_removing:89:Ontario reports 928 new coronavirus cases and 9 new deaths - CP24 Toronto's Breaking News || article removed
2021-12-07 19:39:29,848:INFO:covid_data_interface:home:58:Flask website decorated
2021-12-07 19:39:30,204:INFO:covid_data_interface:widget_handler:267:user demands news removal
2021-12-07 19:39:30,207:INFO:covid_data_interface:news_widget_handling_removing:89:Travellers from abroad required to undergo Covid-19 tests - The Sun Daily || article removed
2021-12-07 19:39:30,219:INFO:covid_data_interface:home:58:Flask website decorated
2021-12-07 19:39:30,586:INFO:covid_data_interface:widget_handler:267:user demands news removal
2021-12-07 19:39:30,589:INFO:covid_data_interface:news_widget_handling_removing:89:COVID-19 closes another Kitchener elementary school - Globalnews.ca || article removed
2021-12-07 19:39:30,604:INFO:covid_data_interface:home:58:Flask website decorated
2021-12-07 19:39:31,030:INFO:covid_data_interface:widget_handler:267:user demands news removal
2021-12-07 19:39:31,034:INFO:covid_data_interface:news_widget_handling_removing:89:PHL posts lowest daily COVID tally in 17 months - BusinessWorld Online || article removed
2021-12-07 19:39:31,047:INFO:covid_data_interface:home:58:Flask website decorated
2021-12-07 19:39:31,530:INFO:covid_data_interface:widget_handler:267:user demands news removal
2021-12-07 19:39:31,536:INFO:covid_data_interface:news_widget_handling_removing:89:The businesses and areas which could introduce a vaccine mandate in South Africa: expert - BusinessTech || article removed
2021-12-07 19:39:31,551:INFO:covid_data_interface:home:58:Flask website decorated
2021-12-07 19:39:31,860:INFO:covid_data_interface:widget_handler:267:user demands news removal
2021-12-07 19:39:31,864:INFO:covid_data_interface:news_widget_handling_removing:89:NZ Woman who thought Covid was 'just the flu' warns Kiwi's of her mistake - Daily Mail || article removed
2021-12-07 19:39:31,875:INFO:covid_data_interface:home:58:Flask website decorated
2021-12-07 19:41:25,633:INFO:covid_data_interface:__init__:35:constructor initiated
2021-12-07 19:41:25,642:INFO:covid_data_interface:time_handler:106:schedule time calculated
2021-12-07 19:41:26,262:INFO:covid_data_interface:__init__:35:constructor initiated
2021-12-07 19:41:26,686:INFO:covid_data_interface:home:58:Flask website decorated
2021-12-07 19:41:45,657:INFO:covid_data_interface:widget_handler:270:user demands new schedule to be added
2021-12-07 19:41:45,658:INFO:covid_data_interface:updates_widget_handling_storing:240:schedule added to schedul_config
2021-12-07 19:41:45,662:INFO:covid_data_interface:time_handler:106:schedule time calculated
2021-12-07 19:41:45,667:INFO:covid_data_interface:schedule_widget_handling_running:129:Mid-day update  repeatnew schedule created and running, with time delay86460
2021-12-07 19:41:45,667:INFO:covid_data_interface:time_handler:106:schedule time calculated
2021-12-07 19:41:45,670:INFO:covid_data_interface:schedule_widget_handling_running:129:Mid-day update new schedule created and running, with time delay60
2021-12-07 19:41:47,306:INFO:covid_data_interface:home:58:Flask website decorated
2021-12-07 19:42:48,155:INFO:covid_data_interface:home:58:Flask website decorated
2021-12-07 19:43:06,133:INFO:covid_data_interface:widget_handler:264:user demands sched removal
2021-12-07 19:43:06,137:INFO:covid_data_interface:schedule_widget_handling_removing_user:162:Mid-day update  repeat|| schedule removed
2021-12-07 19:43:06,151:INFO:covid_data_interface:home:58:Flask website decorated
